<?xml version="1.0" encoding="UTF-8"?>
<!-- Generated by org.testng.reporters.JUnitXMLReporter -->
<testsuite hostname="INGUEUCLP000666" ignored="0" name="Login Test" tests="1" failures="1" timestamp="24 Jul 2019 19:30:22 GMT" time="0.065" errors="0">
  <testcase name="SoftAssertion" time="0.025" classname="testngLearning.softassertion">
    <failure type="java.lang.AssertionError" message="The following asserts failed:
	Image is not present expected [false] but found [true],
	Iframe is not present expected [true] but found [false]">
      <![CDATA[java.lang.AssertionError: The following asserts failed:
Image is not present expected [false] but found [true],
Iframe is not present expected [true] but found [false]
at testngLearning.softassertion.SoftAssertion(softassertion.java:25)
... Removed 26 stack frames]]>
    </failure>
  </testcase> <!-- SoftAssertion -->
</testsuite> <!-- Login Test -->
