<?xml version="1.0" encoding="UTF-8"?>
<!-- Generated by org.testng.reporters.JUnitXMLReporter -->
<testsuite hostname="INGUEUCLP000666" ignored="16" name="Test" tests="0" failures="0" timestamp="25 Jul 2019 10:55:33 GMT" time="0.01" errors="0">
  <testcase name="SoftAssertion" time="0.0" classname="testngLearning.softassertion">
    <ignored/>
  </testcase> <!-- SoftAssertion -->
  <testcase name="A" time="0.0" classname="testngLearning.Group">
    <ignored/>
  </testcase> <!-- A -->
  <testcase name="D" time="0.0" classname="testngLearning.Group">
    <ignored/>
  </testcase> <!-- D -->
  <testcase name="testcase3" time="0.0" classname="testngLearning.DependencyLearn1">
    <ignored/>
  </testcase> <!-- testcase3 -->
  <testcase name="B" time="0.0" classname="testngLearning.Group">
    <ignored/>
  </testcase> <!-- B -->
  <testcase name="testcase5" time="0.0" classname="testngLearning.DependencyLearn1">
    <ignored/>
  </testcase> <!-- testcase5 -->
  <testcase name="C" time="0.0" classname="testngLearning.Group">
    <ignored/>
  </testcase> <!-- C -->
  <testcase name="testcase2" time="0.0" classname="testngLearning.DependencyLearn1">
    <ignored/>
  </testcase> <!-- testcase2 -->
  <testcase name="testcase4" time="0.0" classname="testngLearning.DependencyLearn1">
    <ignored/>
  </testcase> <!-- testcase4 -->
  <testcase name="testcase1" time="0.0" classname="testngLearning.DependencyLearn1">
    <ignored/>
  </testcase> <!-- testcase1 -->
  <testcase name="A" time="0.0" classname="testngLearning.DependencyTest">
    <ignored/>
  </testcase> <!-- A -->
  <testcase name="C" time="0.0" classname="testngLearning.DependencyTest">
    <ignored/>
  </testcase> <!-- C -->
  <testcase name="B" time="0.0" classname="testngLearning.DependencyTest">
    <ignored/>
  </testcase> <!-- B -->
  <testcase name="independent" time="0.0" classname="testngLearning.DependencyDemo">
    <ignored/>
  </testcase> <!-- independent -->
  <testcase name="C" time="0.0" classname="testngLearning.DependencyTest2">
    <ignored/>
  </testcase> <!-- C -->
  <testcase name="D" time="0.0" classname="testngLearning.DependencyTest2">
    <ignored/>
  </testcase> <!-- D -->
</testsuite> <!-- Test -->
