<?xml version="1.0" encoding="UTF-8"?>
<!-- Generated by org.testng.reporters.JUnitXMLReporter -->
<testsuite hostname="INGUEUCLP000666" ignored="0" name="RegressionTest" tests="3" failures="0" timestamp="27 Jul 2019 20:07:22 GMT" time="0.048" errors="0">
  <testcase name="login" time="0.013" classname="regressionpack.testcase1"/>
  <testcase name="DoSRMRegistration" time="0.003" classname="regressionpack.testcase2"/>
  <testcase name="XAGL3" time="0.002" classname="regressionpack.testcase3"/>
</testsuite> <!-- RegressionTest -->
